2020-11-02 15:35:29,096 192668 [lcome Dashboard] WARN  re.templates.TemplateProcessor  - May have failed to replace token 		//window.ide 'dummy'. Replaced/injected later by STS browser integration.
2020-11-02 15:35:29,373 192945 [lcome Dashboard] WARN  re.templates.TemplateProcessor  - May have failed to replace token 		//The dummy helps preview/test the page in an external browser.
2020-11-02 15:36:08,069 231641 [er-25: Building] WARN  nternal.embedder.EclipseLogger  - Using platform encoding (Cp1252 actually) to copy filtered resources, i.e. build is platform dependent!
2020-11-02 15:36:08,076 231648 [er-25: Building] WARN  nternal.embedder.EclipseLogger  - Using platform encoding (Cp1252 actually) to copy filtered resources, i.e. build is platform dependent!
2020-11-02 15:53:54,939 1298511 [er-30: Building] WARN  nternal.embedder.EclipseLogger  - Using platform encoding (Cp1252 actually) to copy filtered resources, i.e. build is platform dependent!
2020-11-02 15:53:54,965 1298537 [er-30: Building] WARN  nternal.embedder.EclipseLogger  - Using platform encoding (Cp1252 actually) to copy filtered resources, i.e. build is platform dependent!
2020-11-02 16:07:58,542 2142114 [er-36: Building] WARN  nternal.embedder.EclipseLogger  - Using platform encoding (Cp1252 actually) to copy filtered resources, i.e. build is platform dependent!
2020-11-02 16:07:58,625 2142197 [er-36: Building] WARN  nternal.embedder.EclipseLogger  - Using platform encoding (Cp1252 actually) to copy filtered resources, i.e. build is platform dependent!
2020-11-02 16:09:47,615 2251187 [er-37: Building] WARN  nternal.embedder.EclipseLogger  - Using platform encoding (Cp1252 actually) to copy filtered resources, i.e. build is platform dependent!
2020-11-02 16:09:47,617 2251189 [er-37: Building] WARN  nternal.embedder.EclipseLogger  - Using platform encoding (Cp1252 actually) to copy filtered resources, i.e. build is platform dependent!
2020-11-02 16:12:00,182 2383754 [er-36: Building] WARN  nternal.embedder.EclipseLogger  - Using platform encoding (Cp1252 actually) to copy filtered resources, i.e. build is platform dependent!
2020-11-02 16:12:00,189 2383761 [er-36: Building] WARN  nternal.embedder.EclipseLogger  - Using platform encoding (Cp1252 actually) to copy filtered resources, i.e. build is platform dependent!
2020-11-02 17:03:47,847 5491419 [er-55: Building] WARN  nternal.embedder.EclipseLogger  - Using platform encoding (Cp1252 actually) to copy filtered resources, i.e. build is platform dependent!
2020-11-02 17:03:47,852 5491424 [er-55: Building] WARN  nternal.embedder.EclipseLogger  - Using platform encoding (Cp1252 actually) to copy filtered resources, i.e. build is platform dependent!
2020-11-02 17:11:06,642 5930214 [er-48: Building] WARN  nternal.embedder.EclipseLogger  - Using platform encoding (Cp1252 actually) to copy filtered resources, i.e. build is platform dependent!
2020-11-02 17:11:06,644 5930216 [er-48: Building] WARN  nternal.embedder.EclipseLogger  - Using platform encoding (Cp1252 actually) to copy filtered resources, i.e. build is platform dependent!
2020-11-02 17:23:16,640 6660212 [er-59: Building] WARN  nternal.embedder.EclipseLogger  - Using platform encoding (Cp1252 actually) to copy filtered resources, i.e. build is platform dependent!
2020-11-02 17:23:16,644 6660216 [er-59: Building] WARN  nternal.embedder.EclipseLogger  - Using platform encoding (Cp1252 actually) to copy filtered resources, i.e. build is platform dependent!
2020-11-02 17:24:41,143 6744715 [er-60: Building] WARN  nternal.embedder.EclipseLogger  - Using platform encoding (Cp1252 actually) to copy filtered resources, i.e. build is platform dependent!
2020-11-02 17:24:41,154 6744726 [er-60: Building] WARN  nternal.embedder.EclipseLogger  - Using platform encoding (Cp1252 actually) to copy filtered resources, i.e. build is platform dependent!
2020-11-02 17:25:05,898 6769470 [er-48: Building] WARN  nternal.embedder.EclipseLogger  - Using platform encoding (Cp1252 actually) to copy filtered resources, i.e. build is platform dependent!
2020-11-02 17:25:05,904 6769476 [er-48: Building] WARN  nternal.embedder.EclipseLogger  - Using platform encoding (Cp1252 actually) to copy filtered resources, i.e. build is platform dependent!
2020-11-02 17:25:29,077 6792649 [er-61: Building] WARN  nternal.embedder.EclipseLogger  - Using platform encoding (Cp1252 actually) to copy filtered resources, i.e. build is platform dependent!
2020-11-02 17:25:29,080 6792652 [er-61: Building] WARN  nternal.embedder.EclipseLogger  - Using platform encoding (Cp1252 actually) to copy filtered resources, i.e. build is platform dependent!
2020-11-02 17:49:03,089 8206661 [er-61: Building] WARN  nternal.embedder.EclipseLogger  - Using platform encoding (Cp1252 actually) to copy filtered resources, i.e. build is platform dependent!
2020-11-02 17:49:03,091 8206663 [er-61: Building] WARN  nternal.embedder.EclipseLogger  - Using platform encoding (Cp1252 actually) to copy filtered resources, i.e. build is platform dependent!
2020-11-02 17:57:05,368 8688940 [er-72: Building] WARN  nternal.embedder.EclipseLogger  - Using platform encoding (Cp1252 actually) to copy filtered resources, i.e. build is platform dependent!
2020-11-02 17:57:05,406 8688978 [er-72: Building] WARN  nternal.embedder.EclipseLogger  - Using platform encoding (Cp1252 actually) to copy filtered resources, i.e. build is platform dependent!
2020-11-02 18:01:53,491 8977063 [er-72: Building] WARN  nternal.embedder.EclipseLogger  - Using platform encoding (Cp1252 actually) to copy filtered resources, i.e. build is platform dependent!
2020-11-02 18:01:53,493 8977065 [er-72: Building] WARN  nternal.embedder.EclipseLogger  - Using platform encoding (Cp1252 actually) to copy filtered resources, i.e. build is platform dependent!
2020-11-02 18:02:55,089 9038661 [er-72: Building] WARN  nternal.embedder.EclipseLogger  - Using platform encoding (Cp1252 actually) to copy filtered resources, i.e. build is platform dependent!
2020-11-02 18:02:55,095 9038667 [er-72: Building] WARN  nternal.embedder.EclipseLogger  - Using platform encoding (Cp1252 actually) to copy filtered resources, i.e. build is platform dependent!
2020-11-02 18:04:25,030 9128602 [er-78: Building] WARN  nternal.embedder.EclipseLogger  - Using platform encoding (Cp1252 actually) to copy filtered resources, i.e. build is platform dependent!
2020-11-02 18:04:25,047 9128619 [er-78: Building] WARN  nternal.embedder.EclipseLogger  - Using platform encoding (Cp1252 actually) to copy filtered resources, i.e. build is platform dependent!
2020-11-02 18:04:39,021 9142593 [er-73: Building] WARN  nternal.embedder.EclipseLogger  - Using platform encoding (Cp1252 actually) to copy filtered resources, i.e. build is platform dependent!
2020-11-02 18:04:39,024 9142596 [er-73: Building] WARN  nternal.embedder.EclipseLogger  - Using platform encoding (Cp1252 actually) to copy filtered resources, i.e. build is platform dependent!
2020-11-02 18:05:14,533 9178105 [er-78: Building] WARN  nternal.embedder.EclipseLogger  - Using platform encoding (Cp1252 actually) to copy filtered resources, i.e. build is platform dependent!
2020-11-02 18:05:14,537 9178109 [er-78: Building] WARN  nternal.embedder.EclipseLogger  - Using platform encoding (Cp1252 actually) to copy filtered resources, i.e. build is platform dependent!
2020-11-02 18:05:27,016 9190588 [er-72: Building] WARN  nternal.embedder.EclipseLogger  - Using platform encoding (Cp1252 actually) to copy filtered resources, i.e. build is platform dependent!
2020-11-02 18:05:27,019 9190591 [er-72: Building] WARN  nternal.embedder.EclipseLogger  - Using platform encoding (Cp1252 actually) to copy filtered resources, i.e. build is platform dependent!
2020-11-02 18:05:48,909 9212481 [er-73: Building] WARN  nternal.embedder.EclipseLogger  - Using platform encoding (Cp1252 actually) to copy filtered resources, i.e. build is platform dependent!
2020-11-02 18:05:48,915 9212487 [er-73: Building] WARN  nternal.embedder.EclipseLogger  - Using platform encoding (Cp1252 actually) to copy filtered resources, i.e. build is platform dependent!
2020-11-02 18:16:26,702 9850274 [er-82: Building] WARN  nternal.embedder.EclipseLogger  - Using platform encoding (Cp1252 actually) to copy filtered resources, i.e. build is platform dependent!
2020-11-02 18:16:26,707 9850279 [er-82: Building] WARN  nternal.embedder.EclipseLogger  - Using platform encoding (Cp1252 actually) to copy filtered resources, i.e. build is platform dependent!
2020-11-02 18:18:37,841 9981413 [er-85: Building] WARN  nternal.embedder.EclipseLogger  - Using platform encoding (Cp1252 actually) to copy filtered resources, i.e. build is platform dependent!
2020-11-02 18:18:37,844 9981416 [er-85: Building] WARN  nternal.embedder.EclipseLogger  - Using platform encoding (Cp1252 actually) to copy filtered resources, i.e. build is platform dependent!
2020-11-02 18:22:38,794 10222366 [er-87: Building] WARN  nternal.embedder.EclipseLogger  - Using platform encoding (Cp1252 actually) to copy filtered resources, i.e. build is platform dependent!
2020-11-02 18:22:38,797 10222369 [er-87: Building] WARN  nternal.embedder.EclipseLogger  - Using platform encoding (Cp1252 actually) to copy filtered resources, i.e. build is platform dependent!
2020-11-02 18:28:38,074 10581646 [er-89: Building] WARN  nternal.embedder.EclipseLogger  - Using platform encoding (Cp1252 actually) to copy filtered resources, i.e. build is platform dependent!
2020-11-02 18:28:38,079 10581651 [er-89: Building] WARN  nternal.embedder.EclipseLogger  - Using platform encoding (Cp1252 actually) to copy filtered resources, i.e. build is platform dependent!
2020-11-02 18:30:32,722 10696294 [er-86: Building] WARN  nternal.embedder.EclipseLogger  - Using platform encoding (Cp1252 actually) to copy filtered resources, i.e. build is platform dependent!
2020-11-02 18:30:32,725 10696297 [er-86: Building] WARN  nternal.embedder.EclipseLogger  - Using platform encoding (Cp1252 actually) to copy filtered resources, i.e. build is platform dependent!
2020-11-02 18:30:57,989 10721561 [er-87: Building] WARN  nternal.embedder.EclipseLogger  - Using platform encoding (Cp1252 actually) to copy filtered resources, i.e. build is platform dependent!
2020-11-02 18:30:57,991 10721563 [er-87: Building] WARN  nternal.embedder.EclipseLogger  - Using platform encoding (Cp1252 actually) to copy filtered resources, i.e. build is platform dependent!
2020-11-02 18:32:29,013 10812585 [er-86: Building] WARN  nternal.embedder.EclipseLogger  - Using platform encoding (Cp1252 actually) to copy filtered resources, i.e. build is platform dependent!
2020-11-02 18:32:29,020 10812592 [er-86: Building] WARN  nternal.embedder.EclipseLogger  - Using platform encoding (Cp1252 actually) to copy filtered resources, i.e. build is platform dependent!
2020-11-02 18:35:08,516 10972088 [er-89: Building] WARN  nternal.embedder.EclipseLogger  - Using platform encoding (Cp1252 actually) to copy filtered resources, i.e. build is platform dependent!
2020-11-02 18:35:08,519 10972091 [er-89: Building] WARN  nternal.embedder.EclipseLogger  - Using platform encoding (Cp1252 actually) to copy filtered resources, i.e. build is platform dependent!
2020-11-02 18:58:05,092 12348664 [er-98: Building] WARN  nternal.embedder.EclipseLogger  - Using platform encoding (Cp1252 actually) to copy filtered resources, i.e. build is platform dependent!
2020-11-02 18:58:05,094 12348666 [er-98: Building] WARN  nternal.embedder.EclipseLogger  - Using platform encoding (Cp1252 actually) to copy filtered resources, i.e. build is platform dependent!
2020-11-02 19:01:08,768 12532340 [er-97: Building] WARN  nternal.embedder.EclipseLogger  - Using platform encoding (Cp1252 actually) to copy filtered resources, i.e. build is platform dependent!
2020-11-02 19:01:08,771 12532343 [er-97: Building] WARN  nternal.embedder.EclipseLogger  - Using platform encoding (Cp1252 actually) to copy filtered resources, i.e. build is platform dependent!
2020-11-02 19:05:55,620 12819192 [er-97: Building] WARN  nternal.embedder.EclipseLogger  - Using platform encoding (Cp1252 actually) to copy filtered resources, i.e. build is platform dependent!
2020-11-02 19:05:55,622 12819194 [er-97: Building] WARN  nternal.embedder.EclipseLogger  - Using platform encoding (Cp1252 actually) to copy filtered resources, i.e. build is platform dependent!
2020-11-02 19:48:14,370 15357942 [r-110: Building] WARN  nternal.embedder.EclipseLogger  - Using platform encoding (Cp1252 actually) to copy filtered resources, i.e. build is platform dependent!
2020-11-02 19:48:14,420 15357992 [r-110: Building] WARN  nternal.embedder.EclipseLogger  - Using platform encoding (Cp1252 actually) to copy filtered resources, i.e. build is platform dependent!
2020-11-02 19:54:55,311 15758883 [r-119: Building] WARN  nternal.embedder.EclipseLogger  - Using platform encoding (Cp1252 actually) to copy filtered resources, i.e. build is platform dependent!
2020-11-02 19:54:55,316 15758888 [r-119: Building] WARN  nternal.embedder.EclipseLogger  - Using platform encoding (Cp1252 actually) to copy filtered resources, i.e. build is platform dependent!
2020-11-02 20:06:12,968 16436540 [r-119: Building] WARN  nternal.embedder.EclipseLogger  - Using platform encoding (Cp1252 actually) to copy filtered resources, i.e. build is platform dependent!
2020-11-02 20:06:12,988 16436560 [r-119: Building] WARN  nternal.embedder.EclipseLogger  - Using platform encoding (Cp1252 actually) to copy filtered resources, i.e. build is platform dependent!
2020-11-02 20:10:25,670 16689242 [r-121: Building] WARN  nternal.embedder.EclipseLogger  - Using platform encoding (Cp1252 actually) to copy filtered resources, i.e. build is platform dependent!
2020-11-02 20:10:25,672 16689244 [r-121: Building] WARN  nternal.embedder.EclipseLogger  - Using platform encoding (Cp1252 actually) to copy filtered resources, i.e. build is platform dependent!
2020-11-02 20:11:34,415 16757987 [r-121: Building] WARN  nternal.embedder.EclipseLogger  - Using platform encoding (Cp1252 actually) to copy filtered resources, i.e. build is platform dependent!
2020-11-02 20:11:34,417 16757989 [r-121: Building] WARN  nternal.embedder.EclipseLogger  - Using platform encoding (Cp1252 actually) to copy filtered resources, i.e. build is platform dependent!
2020-11-02 20:13:08,468 16852040 [r-122: Building] WARN  nternal.embedder.EclipseLogger  - Using platform encoding (Cp1252 actually) to copy filtered resources, i.e. build is platform dependent!
2020-11-02 20:13:08,472 16852044 [r-122: Building] WARN  nternal.embedder.EclipseLogger  - Using platform encoding (Cp1252 actually) to copy filtered resources, i.e. build is platform dependent!
2020-11-02 20:14:35,594 16939166 [r-122: Building] WARN  nternal.embedder.EclipseLogger  - Using platform encoding (Cp1252 actually) to copy filtered resources, i.e. build is platform dependent!
2020-11-02 20:14:35,595 16939167 [r-122: Building] WARN  nternal.embedder.EclipseLogger  - Using platform encoding (Cp1252 actually) to copy filtered resources, i.e. build is platform dependent!
2020-11-02 20:18:56,758 17200330 [r-121: Building] WARN  nternal.embedder.EclipseLogger  - Using platform encoding (Cp1252 actually) to copy filtered resources, i.e. build is platform dependent!
2020-11-02 20:18:56,766 17200338 [r-121: Building] WARN  nternal.embedder.EclipseLogger  - Using platform encoding (Cp1252 actually) to copy filtered resources, i.e. build is platform dependent!
2020-11-02 20:22:29,661 17413233 [r-126: Building] WARN  nternal.embedder.EclipseLogger  - Using platform encoding (Cp1252 actually) to copy filtered resources, i.e. build is platform dependent!
2020-11-02 20:22:29,663 17413235 [r-126: Building] WARN  nternal.embedder.EclipseLogger  - Using platform encoding (Cp1252 actually) to copy filtered resources, i.e. build is platform dependent!
2020-11-02 20:27:06,257 17689829 [r-126: Building] WARN  nternal.embedder.EclipseLogger  - Using platform encoding (Cp1252 actually) to copy filtered resources, i.e. build is platform dependent!
2020-11-02 20:27:06,259 17689831 [r-126: Building] WARN  nternal.embedder.EclipseLogger  - Using platform encoding (Cp1252 actually) to copy filtered resources, i.e. build is platform dependent!
2020-11-02 23:09:20,285 27423857 [r-142: Building] WARN  nternal.embedder.EclipseLogger  - Using platform encoding (Cp1252 actually) to copy filtered resources, i.e. build is platform dependent!
2020-11-02 23:09:20,612 27424184 [r-142: Building] WARN  nternal.embedder.EclipseLogger  - Using platform encoding (Cp1252 actually) to copy filtered resources, i.e. build is platform dependent!
2020-11-02 23:09:51,339 27454911 [r-142: Building] WARN  nternal.embedder.EclipseLogger  - Using platform encoding (Cp1252 actually) to copy filtered resources, i.e. build is platform dependent!
2020-11-02 23:09:51,530 27455102 [r-142: Building] WARN  nternal.embedder.EclipseLogger  - Using platform encoding (Cp1252 actually) to copy filtered resources, i.e. build is platform dependent!
2020-11-03 10:59:19,925 219377 [ker-9: Building] WARN  nternal.embedder.EclipseLogger  - Using platform encoding (Cp1252 actually) to copy filtered resources, i.e. build is platform dependent!
2020-11-03 10:59:23,370 222822 [ker-9: Building] WARN  nternal.embedder.EclipseLogger  - Using platform encoding (Cp1252 actually) to copy filtered resources, i.e. build is platform dependent!
2020-11-03 11:13:54,428 1093880 [er-22: Building] WARN  nternal.embedder.EclipseLogger  - Using platform encoding (Cp1252 actually) to copy filtered resources, i.e. build is platform dependent!
2020-11-03 11:13:54,437 1093889 [er-22: Building] WARN  nternal.embedder.EclipseLogger  - Using platform encoding (Cp1252 actually) to copy filtered resources, i.e. build is platform dependent!
2020-11-03 11:31:41,234 2160686 [er-33: Building] WARN  nternal.embedder.EclipseLogger  - Using platform encoding (Cp1252 actually) to copy filtered resources, i.e. build is platform dependent!
2020-11-03 11:31:41,250 2160702 [er-33: Building] WARN  nternal.embedder.EclipseLogger  - Using platform encoding (Cp1252 actually) to copy filtered resources, i.e. build is platform dependent!
2020-11-03 11:34:29,709 2329161 [er-35: Building] WARN  nternal.embedder.EclipseLogger  - Using platform encoding (Cp1252 actually) to copy filtered resources, i.e. build is platform dependent!
2020-11-03 11:34:29,713 2329165 [er-35: Building] WARN  nternal.embedder.EclipseLogger  - Using platform encoding (Cp1252 actually) to copy filtered resources, i.e. build is platform dependent!
2020-11-03 11:36:30,975 2450427 [er-38: Building] WARN  nternal.embedder.EclipseLogger  - Using platform encoding (Cp1252 actually) to copy filtered resources, i.e. build is platform dependent!
2020-11-03 11:36:30,978 2450430 [er-38: Building] WARN  nternal.embedder.EclipseLogger  - Using platform encoding (Cp1252 actually) to copy filtered resources, i.e. build is platform dependent!
2020-11-03 11:37:20,226 2499678 [er-33: Building] WARN  nternal.embedder.EclipseLogger  - Using platform encoding (Cp1252 actually) to copy filtered resources, i.e. build is platform dependent!
2020-11-03 11:37:20,228 2499680 [er-33: Building] WARN  nternal.embedder.EclipseLogger  - Using platform encoding (Cp1252 actually) to copy filtered resources, i.e. build is platform dependent!
2020-11-03 11:37:51,489 2530941 [er-38: Building] WARN  nternal.embedder.EclipseLogger  - Using platform encoding (Cp1252 actually) to copy filtered resources, i.e. build is platform dependent!
2020-11-03 11:37:51,492 2530944 [er-38: Building] WARN  nternal.embedder.EclipseLogger  - Using platform encoding (Cp1252 actually) to copy filtered resources, i.e. build is platform dependent!
2020-11-03 11:38:14,444 2553896 [er-39: Building] WARN  nternal.embedder.EclipseLogger  - Using platform encoding (Cp1252 actually) to copy filtered resources, i.e. build is platform dependent!
2020-11-03 11:38:14,455 2553907 [er-39: Building] WARN  nternal.embedder.EclipseLogger  - Using platform encoding (Cp1252 actually) to copy filtered resources, i.e. build is platform dependent!
2020-11-03 11:39:48,040 2647492 [er-33: Building] WARN  nternal.embedder.EclipseLogger  - Using platform encoding (Cp1252 actually) to copy filtered resources, i.e. build is platform dependent!
2020-11-03 11:39:48,044 2647496 [er-33: Building] WARN  nternal.embedder.EclipseLogger  - Using platform encoding (Cp1252 actually) to copy filtered resources, i.e. build is platform dependent!
2020-11-03 11:40:40,988 2700440 [er-33: Building] WARN  nternal.embedder.EclipseLogger  - Using platform encoding (Cp1252 actually) to copy filtered resources, i.e. build is platform dependent!
2020-11-03 11:40:40,991 2700443 [er-33: Building] WARN  nternal.embedder.EclipseLogger  - Using platform encoding (Cp1252 actually) to copy filtered resources, i.e. build is platform dependent!
2020-11-03 11:45:44,381 3003833 [er-36: Building] WARN  nternal.embedder.EclipseLogger  - Using platform encoding (Cp1252 actually) to copy filtered resources, i.e. build is platform dependent!
2020-11-03 11:45:44,385 3003837 [er-36: Building] WARN  nternal.embedder.EclipseLogger  - Using platform encoding (Cp1252 actually) to copy filtered resources, i.e. build is platform dependent!
2020-11-03 11:46:14,836 3034288 [er-35: Building] WARN  nternal.embedder.EclipseLogger  - Using platform encoding (Cp1252 actually) to copy filtered resources, i.e. build is platform dependent!
2020-11-03 11:46:14,840 3034292 [er-35: Building] WARN  nternal.embedder.EclipseLogger  - Using platform encoding (Cp1252 actually) to copy filtered resources, i.e. build is platform dependent!
2020-11-03 11:47:20,654 3100106 [er-33: Building] WARN  nternal.embedder.EclipseLogger  - Using platform encoding (Cp1252 actually) to copy filtered resources, i.e. build is platform dependent!
2020-11-03 11:47:20,672 3100124 [er-33: Building] WARN  nternal.embedder.EclipseLogger  - Using platform encoding (Cp1252 actually) to copy filtered resources, i.e. build is platform dependent!
2020-11-03 11:47:52,899 3132351 [er-40: Building] WARN  nternal.embedder.EclipseLogger  - Using platform encoding (Cp1252 actually) to copy filtered resources, i.e. build is platform dependent!
2020-11-03 11:47:52,902 3132354 [er-40: Building] WARN  nternal.embedder.EclipseLogger  - Using platform encoding (Cp1252 actually) to copy filtered resources, i.e. build is platform dependent!
2020-11-03 11:52:04,011 3383463 [er-38: Building] WARN  nternal.embedder.EclipseLogger  - Using platform encoding (Cp1252 actually) to copy filtered resources, i.e. build is platform dependent!
2020-11-03 11:52:04,027 3383479 [er-38: Building] WARN  nternal.embedder.EclipseLogger  - Using platform encoding (Cp1252 actually) to copy filtered resources, i.e. build is platform dependent!
2020-11-03 11:53:39,915 3479367 [er-38: Building] WARN  nternal.embedder.EclipseLogger  - Using platform encoding (Cp1252 actually) to copy filtered resources, i.e. build is platform dependent!
2020-11-03 11:53:39,921 3479373 [er-38: Building] WARN  nternal.embedder.EclipseLogger  - Using platform encoding (Cp1252 actually) to copy filtered resources, i.e. build is platform dependent!
2020-11-03 11:59:20,414 3819866 [er-44: Building] WARN  nternal.embedder.EclipseLogger  - Using platform encoding (Cp1252 actually) to copy filtered resources, i.e. build is platform dependent!
2020-11-03 11:59:20,419 3819871 [er-44: Building] WARN  nternal.embedder.EclipseLogger  - Using platform encoding (Cp1252 actually) to copy filtered resources, i.e. build is platform dependent!
2020-11-03 12:00:20,172 3879624 [er-42: Building] WARN  nternal.embedder.EclipseLogger  - Using platform encoding (Cp1252 actually) to copy filtered resources, i.e. build is platform dependent!
2020-11-03 12:00:20,179 3879631 [er-42: Building] WARN  nternal.embedder.EclipseLogger  - Using platform encoding (Cp1252 actually) to copy filtered resources, i.e. build is platform dependent!
2020-11-03 12:14:52,914 4752366 [er-49: Building] WARN  nternal.embedder.EclipseLogger  - Using platform encoding (Cp1252 actually) to copy filtered resources, i.e. build is platform dependent!
2020-11-03 12:14:52,919 4752371 [er-49: Building] WARN  nternal.embedder.EclipseLogger  - Using platform encoding (Cp1252 actually) to copy filtered resources, i.e. build is platform dependent!
2020-11-03 12:15:23,548 4783000 [er-42: Building] WARN  nternal.embedder.EclipseLogger  - Using platform encoding (Cp1252 actually) to copy filtered resources, i.e. build is platform dependent!
2020-11-03 12:15:23,554 4783006 [er-42: Building] WARN  nternal.embedder.EclipseLogger  - Using platform encoding (Cp1252 actually) to copy filtered resources, i.e. build is platform dependent!
2020-11-03 12:23:37,120 5276572 [er-53: Building] WARN  nternal.embedder.EclipseLogger  - Using platform encoding (Cp1252 actually) to copy filtered resources, i.e. build is platform dependent!
2020-11-03 12:23:37,123 5276575 [er-53: Building] WARN  nternal.embedder.EclipseLogger  - Using platform encoding (Cp1252 actually) to copy filtered resources, i.e. build is platform dependent!
2020-11-03 12:30:33,690 5693142 [er-58: Building] WARN  nternal.embedder.EclipseLogger  - Using platform encoding (Cp1252 actually) to copy filtered resources, i.e. build is platform dependent!
2020-11-03 12:30:33,693 5693145 [er-58: Building] WARN  nternal.embedder.EclipseLogger  - Using platform encoding (Cp1252 actually) to copy filtered resources, i.e. build is platform dependent!
2020-11-03 12:33:57,603 5897055 [er-50: Building] WARN  nternal.embedder.EclipseLogger  - Using platform encoding (Cp1252 actually) to copy filtered resources, i.e. build is platform dependent!
2020-11-03 12:33:57,609 5897061 [er-50: Building] WARN  nternal.embedder.EclipseLogger  - Using platform encoding (Cp1252 actually) to copy filtered resources, i.e. build is platform dependent!
2020-11-03 12:34:09,948 5909400 [er-60: Building] WARN  nternal.embedder.EclipseLogger  - Using platform encoding (Cp1252 actually) to copy filtered resources, i.e. build is platform dependent!
2020-11-03 12:34:09,951 5909403 [er-60: Building] WARN  nternal.embedder.EclipseLogger  - Using platform encoding (Cp1252 actually) to copy filtered resources, i.e. build is platform dependent!
2020-11-03 12:42:58,342 6437794 [er-63: Building] WARN  nternal.embedder.EclipseLogger  - Using platform encoding (Cp1252 actually) to copy filtered resources, i.e. build is platform dependent!
2020-11-03 12:42:58,345 6437797 [er-63: Building] WARN  nternal.embedder.EclipseLogger  - Using platform encoding (Cp1252 actually) to copy filtered resources, i.e. build is platform dependent!
2020-11-03 12:46:04,791 6624243 [er-64: Building] WARN  nternal.embedder.EclipseLogger  - Using platform encoding (Cp1252 actually) to copy filtered resources, i.e. build is platform dependent!
2020-11-03 12:46:04,794 6624246 [er-64: Building] WARN  nternal.embedder.EclipseLogger  - Using platform encoding (Cp1252 actually) to copy filtered resources, i.e. build is platform dependent!
2020-11-03 12:55:13,920 7173372 [er-78: Building] WARN  nternal.embedder.EclipseLogger  - Using platform encoding (Cp1252 actually) to copy filtered resources, i.e. build is platform dependent!
2020-11-03 12:55:13,923 7173375 [er-78: Building] WARN  nternal.embedder.EclipseLogger  - Using platform encoding (Cp1252 actually) to copy filtered resources, i.e. build is platform dependent!
2020-11-03 13:05:32,633 7792085 [er-76: Building] WARN  nternal.embedder.EclipseLogger  - Using platform encoding (Cp1252 actually) to copy filtered resources, i.e. build is platform dependent!
2020-11-03 13:05:32,653 7792105 [er-76: Building] WARN  nternal.embedder.EclipseLogger  - Using platform encoding (Cp1252 actually) to copy filtered resources, i.e. build is platform dependent!
2020-11-03 13:05:34,630 7794082 [er-76: Building] WARN  nternal.embedder.EclipseLogger  - The POM for org.apache.maven.plugins:maven-clean-plugin:jar:2.5 is missing, no dependency information available
2020-11-03 13:05:51,057 7810509 [er-76: Building] WARN  nternal.embedder.EclipseLogger  - Using platform encoding (Cp1252 actually) to copy filtered resources, i.e. build is platform dependent!
2020-11-03 16:53:31,459 21470911 [r-111: Building] WARN  nternal.embedder.EclipseLogger  - Using platform encoding (Cp1252 actually) to copy filtered resources, i.e. build is platform dependent!
2020-11-03 16:53:31,586 21471038 [r-111: Building] WARN  nternal.embedder.EclipseLogger  - Using platform encoding (Cp1252 actually) to copy filtered resources, i.e. build is platform dependent!
2020-11-03 16:53:40,620 21480072 [r-103: Building] WARN  nternal.embedder.EclipseLogger  - Using platform encoding (Cp1252 actually) to copy filtered resources, i.e. build is platform dependent!
2020-11-03 16:53:40,621 21480073 [r-103: Building] WARN  nternal.embedder.EclipseLogger  - Using platform encoding (Cp1252 actually) to copy filtered resources, i.e. build is platform dependent!
2020-11-03 17:19:30,973 23030425 [r-118: Building] WARN  nternal.embedder.EclipseLogger  - Using platform encoding (Cp1252 actually) to copy filtered resources, i.e. build is platform dependent!
2020-11-03 17:19:30,975 23030427 [r-118: Building] WARN  nternal.embedder.EclipseLogger  - Using platform encoding (Cp1252 actually) to copy filtered resources, i.e. build is platform dependent!
2020-11-03 17:21:22,622 23142074 [r-121: Building] WARN  nternal.embedder.EclipseLogger  - Using platform encoding (Cp1252 actually) to copy filtered resources, i.e. build is platform dependent!
2020-11-03 17:21:22,706 23142158 [r-121: Building] WARN  nternal.embedder.EclipseLogger  - Using platform encoding (Cp1252 actually) to copy filtered resources, i.e. build is platform dependent!
2020-11-03 17:22:21,209 23200661 [r-122: Building] WARN  nternal.embedder.EclipseLogger  - Using platform encoding (Cp1252 actually) to copy filtered resources, i.e. build is platform dependent!
2020-11-03 17:22:21,211 23200663 [r-122: Building] WARN  nternal.embedder.EclipseLogger  - Using platform encoding (Cp1252 actually) to copy filtered resources, i.e. build is platform dependent!
2020-11-03 17:23:03,756 23243208 [r-120: Building] WARN  nternal.embedder.EclipseLogger  - Using platform encoding (Cp1252 actually) to copy filtered resources, i.e. build is platform dependent!
2020-11-03 17:23:03,759 23243211 [r-120: Building] WARN  nternal.embedder.EclipseLogger  - Using platform encoding (Cp1252 actually) to copy filtered resources, i.e. build is platform dependent!
2020-11-03 17:24:35,724 23335176 [r-122: Building] WARN  nternal.embedder.EclipseLogger  - Using platform encoding (Cp1252 actually) to copy filtered resources, i.e. build is platform dependent!
2020-11-03 17:24:35,738 23335190 [r-122: Building] WARN  nternal.embedder.EclipseLogger  - Using platform encoding (Cp1252 actually) to copy filtered resources, i.e. build is platform dependent!
2020-11-03 17:25:33,717 23393169 [r-103: Building] WARN  nternal.embedder.EclipseLogger  - Using platform encoding (Cp1252 actually) to copy filtered resources, i.e. build is platform dependent!
2020-11-03 17:25:33,719 23393171 [r-103: Building] WARN  nternal.embedder.EclipseLogger  - Using platform encoding (Cp1252 actually) to copy filtered resources, i.e. build is platform dependent!
2020-11-03 17:25:41,070 23400522 [r-121: Building] WARN  nternal.embedder.EclipseLogger  - Using platform encoding (Cp1252 actually) to copy filtered resources, i.e. build is platform dependent!
2020-11-03 17:25:41,074 23400526 [r-121: Building] WARN  nternal.embedder.EclipseLogger  - Using platform encoding (Cp1252 actually) to copy filtered resources, i.e. build is platform dependent!
2020-11-03 17:30:25,802 23685254 [r-118: Building] WARN  nternal.embedder.EclipseLogger  - Using platform encoding (Cp1252 actually) to copy filtered resources, i.e. build is platform dependent!
2020-11-03 17:30:25,806 23685258 [r-118: Building] WARN  nternal.embedder.EclipseLogger  - Using platform encoding (Cp1252 actually) to copy filtered resources, i.e. build is platform dependent!
2020-11-03 17:34:49,803 23949255 [r-103: Building] WARN  nternal.embedder.EclipseLogger  - Using platform encoding (Cp1252 actually) to copy filtered resources, i.e. build is platform dependent!
2020-11-03 17:34:49,805 23949257 [r-103: Building] WARN  nternal.embedder.EclipseLogger  - Using platform encoding (Cp1252 actually) to copy filtered resources, i.e. build is platform dependent!
2020-11-03 17:35:21,376 23980828 [r-124: Building] WARN  nternal.embedder.EclipseLogger  - Using platform encoding (Cp1252 actually) to copy filtered resources, i.e. build is platform dependent!
2020-11-03 17:35:21,508 23980960 [r-124: Building] WARN  nternal.embedder.EclipseLogger  - Using platform encoding (Cp1252 actually) to copy filtered resources, i.e. build is platform dependent!
2020-11-03 17:35:33,617 23993069 [r-120: Building] WARN  nternal.embedder.EclipseLogger  - Using platform encoding (Cp1252 actually) to copy filtered resources, i.e. build is platform dependent!
2020-11-03 17:35:33,619 23993071 [r-120: Building] WARN  nternal.embedder.EclipseLogger  - Using platform encoding (Cp1252 actually) to copy filtered resources, i.e. build is platform dependent!
2020-11-03 17:43:33,495 24472947 [r-123: Building] WARN  nternal.embedder.EclipseLogger  - Using platform encoding (Cp1252 actually) to copy filtered resources, i.e. build is platform dependent!
2020-11-03 17:43:33,499 24472951 [r-123: Building] WARN  nternal.embedder.EclipseLogger  - Using platform encoding (Cp1252 actually) to copy filtered resources, i.e. build is platform dependent!
2020-11-03 17:48:00,280 24739732 [r-124: Building] WARN  nternal.embedder.EclipseLogger  - Using platform encoding (Cp1252 actually) to copy filtered resources, i.e. build is platform dependent!
2020-11-03 17:48:00,285 24739737 [r-124: Building] WARN  nternal.embedder.EclipseLogger  - Using platform encoding (Cp1252 actually) to copy filtered resources, i.e. build is platform dependent!
2020-11-03 17:51:21,207 24940659 [r-123: Building] WARN  nternal.embedder.EclipseLogger  - Using platform encoding (Cp1252 actually) to copy filtered resources, i.e. build is platform dependent!
2020-11-03 17:51:21,209 24940661 [r-123: Building] WARN  nternal.embedder.EclipseLogger  - Using platform encoding (Cp1252 actually) to copy filtered resources, i.e. build is platform dependent!
2020-11-03 17:56:01,408 25220860 [r-123: Building] WARN  nternal.embedder.EclipseLogger  - Using platform encoding (Cp1252 actually) to copy filtered resources, i.e. build is platform dependent!
2020-11-03 17:56:01,448 25220900 [r-123: Building] WARN  nternal.embedder.EclipseLogger  - Using platform encoding (Cp1252 actually) to copy filtered resources, i.e. build is platform dependent!
2020-11-03 17:56:07,889 25227341 [r-129: Building] WARN  nternal.embedder.EclipseLogger  - Using platform encoding (Cp1252 actually) to copy filtered resources, i.e. build is platform dependent!
2020-11-03 17:56:07,891 25227343 [r-129: Building] WARN  nternal.embedder.EclipseLogger  - Using platform encoding (Cp1252 actually) to copy filtered resources, i.e. build is platform dependent!
2020-11-03 17:57:06,789 25286241 [r-124: Building] WARN  nternal.embedder.EclipseLogger  - Using platform encoding (Cp1252 actually) to copy filtered resources, i.e. build is platform dependent!
2020-11-03 17:57:06,800 25286252 [r-124: Building] WARN  nternal.embedder.EclipseLogger  - Using platform encoding (Cp1252 actually) to copy filtered resources, i.e. build is platform dependent!
2020-11-03 17:58:03,436 25342888 [r-124: Building] WARN  nternal.embedder.EclipseLogger  - Using platform encoding (Cp1252 actually) to copy filtered resources, i.e. build is platform dependent!
2020-11-03 17:58:03,449 25342901 [r-124: Building] WARN  nternal.embedder.EclipseLogger  - Using platform encoding (Cp1252 actually) to copy filtered resources, i.e. build is platform dependent!
2020-11-03 18:00:03,288 25462740 [r-135: Building] WARN  nternal.embedder.EclipseLogger  - Using platform encoding (Cp1252 actually) to copy filtered resources, i.e. build is platform dependent!
2020-11-03 18:00:03,290 25462742 [r-135: Building] WARN  nternal.embedder.EclipseLogger  - Using platform encoding (Cp1252 actually) to copy filtered resources, i.e. build is platform dependent!
2020-11-03 18:28:02,323 27141775 [r-137: Building] WARN  nternal.embedder.EclipseLogger  - Using platform encoding (Cp1252 actually) to copy filtered resources, i.e. build is platform dependent!
2020-11-03 18:28:02,337 27141789 [r-137: Building] WARN  nternal.embedder.EclipseLogger  - Using platform encoding (Cp1252 actually) to copy filtered resources, i.e. build is platform dependent!
2020-11-03 18:31:16,732 27336184 [r-144: Building] WARN  nternal.embedder.EclipseLogger  - Using platform encoding (Cp1252 actually) to copy filtered resources, i.e. build is platform dependent!
2020-11-03 18:31:16,813 27336265 [r-144: Building] WARN  nternal.embedder.EclipseLogger  - Using platform encoding (Cp1252 actually) to copy filtered resources, i.e. build is platform dependent!
2020-11-03 18:53:37,438 28676890 [r-148: Building] WARN  nternal.embedder.EclipseLogger  - Using platform encoding (Cp1252 actually) to copy filtered resources, i.e. build is platform dependent!
2020-11-03 18:53:37,440 28676892 [r-148: Building] WARN  nternal.embedder.EclipseLogger  - Using platform encoding (Cp1252 actually) to copy filtered resources, i.e. build is platform dependent!
2020-11-03 18:55:27,233 28786685 [r-147: Building] WARN  nternal.embedder.EclipseLogger  - Using platform encoding (Cp1252 actually) to copy filtered resources, i.e. build is platform dependent!
2020-11-03 18:55:27,235 28786687 [r-147: Building] WARN  nternal.embedder.EclipseLogger  - Using platform encoding (Cp1252 actually) to copy filtered resources, i.e. build is platform dependent!
2020-11-03 18:57:18,426 28897878 [r-148: Building] WARN  nternal.embedder.EclipseLogger  - Using platform encoding (Cp1252 actually) to copy filtered resources, i.e. build is platform dependent!
2020-11-03 18:57:18,617 28898069 [r-148: Building] WARN  nternal.embedder.EclipseLogger  - Using platform encoding (Cp1252 actually) to copy filtered resources, i.e. build is platform dependent!
2020-11-03 18:58:26,147 28965599 [r-150: Building] WARN  nternal.embedder.EclipseLogger  - Using platform encoding (Cp1252 actually) to copy filtered resources, i.e. build is platform dependent!
2020-11-03 18:58:26,148 28965600 [r-150: Building] WARN  nternal.embedder.EclipseLogger  - Using platform encoding (Cp1252 actually) to copy filtered resources, i.e. build is platform dependent!
2020-11-03 18:58:28,835 28968287 [r-148: Building] WARN  nternal.embedder.EclipseLogger  - Using platform encoding (Cp1252 actually) to copy filtered resources, i.e. build is platform dependent!
2020-11-03 18:58:28,837 28968289 [r-148: Building] WARN  nternal.embedder.EclipseLogger  - Using platform encoding (Cp1252 actually) to copy filtered resources, i.e. build is platform dependent!
2020-11-03 19:04:25,270 29324722 [r-150: Building] WARN  nternal.embedder.EclipseLogger  - Using platform encoding (Cp1252 actually) to copy filtered resources, i.e. build is platform dependent!
2020-11-03 19:04:25,272 29324724 [r-150: Building] WARN  nternal.embedder.EclipseLogger  - Using platform encoding (Cp1252 actually) to copy filtered resources, i.e. build is platform dependent!
2020-11-03 19:04:56,482 29355934 [r-147: Building] WARN  nternal.embedder.EclipseLogger  - Using platform encoding (Cp1252 actually) to copy filtered resources, i.e. build is platform dependent!
2020-11-03 19:04:56,484 29355936 [r-147: Building] WARN  nternal.embedder.EclipseLogger  - Using platform encoding (Cp1252 actually) to copy filtered resources, i.e. build is platform dependent!
2020-11-03 19:06:58,852 29478304 [r-148: Building] WARN  nternal.embedder.EclipseLogger  - Using platform encoding (Cp1252 actually) to copy filtered resources, i.e. build is platform dependent!
2020-11-03 19:06:58,856 29478308 [r-148: Building] WARN  nternal.embedder.EclipseLogger  - Using platform encoding (Cp1252 actually) to copy filtered resources, i.e. build is platform dependent!
2020-11-03 19:26:44,595 192203 [er-22: Building] WARN  nternal.embedder.EclipseLogger  - Using platform encoding (Cp1252 actually) to copy filtered resources, i.e. build is platform dependent!
2020-11-03 19:26:44,915 192523 [er-22: Building] WARN  nternal.embedder.EclipseLogger  - Using platform encoding (Cp1252 actually) to copy filtered resources, i.e. build is platform dependent!
2020-11-03 19:29:26,815 354423 [er-23: Building] WARN  nternal.embedder.EclipseLogger  - Using platform encoding (Cp1252 actually) to copy filtered resources, i.e. build is platform dependent!
2020-11-03 19:29:26,924 354532 [er-23: Building] WARN  nternal.embedder.EclipseLogger  - Using platform encoding (Cp1252 actually) to copy filtered resources, i.e. build is platform dependent!
2020-11-03 19:30:11,413 399021 [er-23: Building] WARN  nternal.embedder.EclipseLogger  - Using platform encoding (Cp1252 actually) to copy filtered resources, i.e. build is platform dependent!
2020-11-03 19:30:11,417 399025 [er-23: Building] WARN  nternal.embedder.EclipseLogger  - Using platform encoding (Cp1252 actually) to copy filtered resources, i.e. build is platform dependent!
2020-11-03 19:31:55,493 503101 [ker-4: Building] WARN  nternal.embedder.EclipseLogger  - Using platform encoding (Cp1252 actually) to copy filtered resources, i.e. build is platform dependent!
2020-11-03 19:31:55,496 503104 [ker-4: Building] WARN  nternal.embedder.EclipseLogger  - Using platform encoding (Cp1252 actually) to copy filtered resources, i.e. build is platform dependent!
2020-11-03 19:33:33,757 601365 [er-10: Building] WARN  nternal.embedder.EclipseLogger  - Using platform encoding (Cp1252 actually) to copy filtered resources, i.e. build is platform dependent!
2020-11-03 19:33:33,760 601368 [er-10: Building] WARN  nternal.embedder.EclipseLogger  - Using platform encoding (Cp1252 actually) to copy filtered resources, i.e. build is platform dependent!
2020-11-03 19:43:57,787 1225395 [ker-8: Building] WARN  nternal.embedder.EclipseLogger  - Using platform encoding (Cp1252 actually) to copy filtered resources, i.e. build is platform dependent!
2020-11-03 19:43:57,791 1225399 [ker-8: Building] WARN  nternal.embedder.EclipseLogger  - Using platform encoding (Cp1252 actually) to copy filtered resources, i.e. build is platform dependent!
2020-11-03 19:44:16,874 1244482 [ker-6: Building] WARN  nternal.embedder.EclipseLogger  - Using platform encoding (Cp1252 actually) to copy filtered resources, i.e. build is platform dependent!
2020-11-03 19:44:16,876 1244484 [ker-6: Building] WARN  nternal.embedder.EclipseLogger  - Using platform encoding (Cp1252 actually) to copy filtered resources, i.e. build is platform dependent!
2020-11-03 19:45:43,139 1330747 [ker-8: Building] WARN  nternal.embedder.EclipseLogger  - Using platform encoding (Cp1252 actually) to copy filtered resources, i.e. build is platform dependent!
2020-11-03 19:45:43,144 1330752 [ker-8: Building] WARN  nternal.embedder.EclipseLogger  - Using platform encoding (Cp1252 actually) to copy filtered resources, i.e. build is platform dependent!
2020-11-03 19:47:19,776 1427384 [er-25: Building] WARN  nternal.embedder.EclipseLogger  - Using platform encoding (Cp1252 actually) to copy filtered resources, i.e. build is platform dependent!
2020-11-03 19:47:19,779 1427387 [er-25: Building] WARN  nternal.embedder.EclipseLogger  - Using platform encoding (Cp1252 actually) to copy filtered resources, i.e. build is platform dependent!
2020-11-03 19:47:58,503 1466111 [er-28: Building] WARN  nternal.embedder.EclipseLogger  - Using platform encoding (Cp1252 actually) to copy filtered resources, i.e. build is platform dependent!
2020-11-03 19:47:58,506 1466114 [er-28: Building] WARN  nternal.embedder.EclipseLogger  - Using platform encoding (Cp1252 actually) to copy filtered resources, i.e. build is platform dependent!
2020-11-03 19:50:43,798 1631406 [er-10: Building] WARN  nternal.embedder.EclipseLogger  - Using platform encoding (Cp1252 actually) to copy filtered resources, i.e. build is platform dependent!
2020-11-03 19:50:43,801 1631409 [er-10: Building] WARN  nternal.embedder.EclipseLogger  - Using platform encoding (Cp1252 actually) to copy filtered resources, i.e. build is platform dependent!
2020-11-03 19:51:17,362 1664970 [er-26: Building] WARN  nternal.embedder.EclipseLogger  - Using platform encoding (Cp1252 actually) to copy filtered resources, i.e. build is platform dependent!
2020-11-03 19:51:17,367 1664975 [er-26: Building] WARN  nternal.embedder.EclipseLogger  - Using platform encoding (Cp1252 actually) to copy filtered resources, i.e. build is platform dependent!
2020-11-03 19:52:31,684 1739292 [ker-0: Building] WARN  nternal.embedder.EclipseLogger  - Using platform encoding (Cp1252 actually) to copy filtered resources, i.e. build is platform dependent!
2020-11-03 19:52:31,693 1739301 [ker-0: Building] WARN  nternal.embedder.EclipseLogger  - Using platform encoding (Cp1252 actually) to copy filtered resources, i.e. build is platform dependent!
2020-11-03 19:53:01,715 1769323 [ker-6: Building] WARN  nternal.embedder.EclipseLogger  - Using platform encoding (Cp1252 actually) to copy filtered resources, i.e. build is platform dependent!
2020-11-03 19:53:01,718 1769326 [ker-6: Building] WARN  nternal.embedder.EclipseLogger  - Using platform encoding (Cp1252 actually) to copy filtered resources, i.e. build is platform dependent!
2020-11-03 19:56:29,709 1977317 [er-28: Building] WARN  nternal.embedder.EclipseLogger  - Using platform encoding (Cp1252 actually) to copy filtered resources, i.e. build is platform dependent!
2020-11-03 19:56:29,715 1977323 [er-28: Building] WARN  nternal.embedder.EclipseLogger  - Using platform encoding (Cp1252 actually) to copy filtered resources, i.e. build is platform dependent!
2020-11-03 20:31:00,429 4048037 [er-26: Building] WARN  nternal.embedder.EclipseLogger  - Using platform encoding (Cp1252 actually) to copy filtered resources, i.e. build is platform dependent!
2020-11-03 20:31:00,432 4048040 [er-26: Building] WARN  nternal.embedder.EclipseLogger  - Using platform encoding (Cp1252 actually) to copy filtered resources, i.e. build is platform dependent!
2020-11-03 20:33:46,529 4214137 [ker-8: Building] WARN  nternal.embedder.EclipseLogger  - Using platform encoding (Cp1252 actually) to copy filtered resources, i.e. build is platform dependent!
2020-11-03 20:33:46,532 4214140 [ker-8: Building] WARN  nternal.embedder.EclipseLogger  - Using platform encoding (Cp1252 actually) to copy filtered resources, i.e. build is platform dependent!
2020-11-03 20:34:34,730 4262338 [er-33: Building] WARN  nternal.embedder.EclipseLogger  - Using platform encoding (Cp1252 actually) to copy filtered resources, i.e. build is platform dependent!
2020-11-03 20:34:34,738 4262346 [er-33: Building] WARN  nternal.embedder.EclipseLogger  - Using platform encoding (Cp1252 actually) to copy filtered resources, i.e. build is platform dependent!
2020-11-03 20:35:22,805 4310413 [er-26: Building] WARN  nternal.embedder.EclipseLogger  - Using platform encoding (Cp1252 actually) to copy filtered resources, i.e. build is platform dependent!
2020-11-03 20:35:22,808 4310416 [er-26: Building] WARN  nternal.embedder.EclipseLogger  - Using platform encoding (Cp1252 actually) to copy filtered resources, i.e. build is platform dependent!
2020-11-03 20:43:09,646 4777254 [er-31: Building] WARN  nternal.embedder.EclipseLogger  - Using platform encoding (Cp1252 actually) to copy filtered resources, i.e. build is platform dependent!
2020-11-03 20:43:09,650 4777258 [er-31: Building] WARN  nternal.embedder.EclipseLogger  - Using platform encoding (Cp1252 actually) to copy filtered resources, i.e. build is platform dependent!
2020-11-03 20:43:50,628 4818236 [er-35: Building] WARN  nternal.embedder.EclipseLogger  - Using platform encoding (Cp1252 actually) to copy filtered resources, i.e. build is platform dependent!
2020-11-03 20:43:50,631 4818239 [er-35: Building] WARN  nternal.embedder.EclipseLogger  - Using platform encoding (Cp1252 actually) to copy filtered resources, i.e. build is platform dependent!
2020-11-03 20:44:44,171 4871779 [er-33: Building] WARN  nternal.embedder.EclipseLogger  - Using platform encoding (Cp1252 actually) to copy filtered resources, i.e. build is platform dependent!
2020-11-03 20:44:44,174 4871782 [er-33: Building] WARN  nternal.embedder.EclipseLogger  - Using platform encoding (Cp1252 actually) to copy filtered resources, i.e. build is platform dependent!
2020-11-03 20:45:42,398 4930006 [er-31: Building] WARN  nternal.embedder.EclipseLogger  - Using platform encoding (Cp1252 actually) to copy filtered resources, i.e. build is platform dependent!
2020-11-03 20:45:42,441 4930049 [er-31: Building] WARN  nternal.embedder.EclipseLogger  - Using platform encoding (Cp1252 actually) to copy filtered resources, i.e. build is platform dependent!
2020-11-03 20:49:04,177 5131785 [er-33: Building] WARN  nternal.embedder.EclipseLogger  - Using platform encoding (Cp1252 actually) to copy filtered resources, i.e. build is platform dependent!
2020-11-03 20:49:04,181 5131789 [er-33: Building] WARN  nternal.embedder.EclipseLogger  - Using platform encoding (Cp1252 actually) to copy filtered resources, i.e. build is platform dependent!
2020-11-03 20:56:56,134 5603742 [er-33: Building] WARN  nternal.embedder.EclipseLogger  - Using platform encoding (Cp1252 actually) to copy filtered resources, i.e. build is platform dependent!
2020-11-03 20:56:56,557 5604165 [er-33: Building] WARN  nternal.embedder.EclipseLogger  - Using platform encoding (Cp1252 actually) to copy filtered resources, i.e. build is platform dependent!
2020-11-03 20:56:59,114 5606722 [er-33: Building] WARN  nternal.embedder.EclipseLogger  - The POM for org.apache.maven.plugins:maven-clean-plugin:jar:2.5 is missing, no dependency information available
2020-11-03 20:57:51,658 5659266 [er-33: Building] WARN  nternal.embedder.EclipseLogger  - Using platform encoding (Cp1252 actually) to copy filtered resources, i.e. build is platform dependent!
2020-11-03 21:07:46,164 6253772 [er-40: Building] WARN  nternal.embedder.EclipseLogger  - Using platform encoding (Cp1252 actually) to copy filtered resources, i.e. build is platform dependent!
2020-11-03 21:07:46,168 6253776 [er-40: Building] WARN  nternal.embedder.EclipseLogger  - Using platform encoding (Cp1252 actually) to copy filtered resources, i.e. build is platform dependent!
2020-11-03 22:42:55,318 11962926 [er-32: Building] WARN  nternal.embedder.EclipseLogger  - Using platform encoding (Cp1252 actually) to copy filtered resources, i.e. build is platform dependent!
2020-11-03 22:42:55,351 11962959 [er-32: Building] WARN  nternal.embedder.EclipseLogger  - Using platform encoding (Cp1252 actually) to copy filtered resources, i.e. build is platform dependent!
2020-11-03 22:45:47,873 12135481 [er-50: Building] WARN  nternal.embedder.EclipseLogger  - Using platform encoding (Cp1252 actually) to copy filtered resources, i.e. build is platform dependent!
2020-11-03 22:45:47,880 12135488 [er-50: Building] WARN  nternal.embedder.EclipseLogger  - Using platform encoding (Cp1252 actually) to copy filtered resources, i.e. build is platform dependent!
2020-11-03 22:46:15,443 12163051 [er-48: Building] WARN  nternal.embedder.EclipseLogger  - Using platform encoding (Cp1252 actually) to copy filtered resources, i.e. build is platform dependent!
2020-11-03 22:46:15,446 12163054 [er-48: Building] WARN  nternal.embedder.EclipseLogger  - Using platform encoding (Cp1252 actually) to copy filtered resources, i.e. build is platform dependent!
2020-11-03 22:46:53,153 12200761 [er-32: Building] WARN  nternal.embedder.EclipseLogger  - Using platform encoding (Cp1252 actually) to copy filtered resources, i.e. build is platform dependent!
2020-11-03 22:46:53,155 12200763 [er-32: Building] WARN  nternal.embedder.EclipseLogger  - Using platform encoding (Cp1252 actually) to copy filtered resources, i.e. build is platform dependent!
2020-11-03 22:48:12,313 12279921 [er-50: Building] WARN  nternal.embedder.EclipseLogger  - Using platform encoding (Cp1252 actually) to copy filtered resources, i.e. build is platform dependent!
2020-11-03 22:48:12,385 12279993 [er-50: Building] WARN  nternal.embedder.EclipseLogger  - Using platform encoding (Cp1252 actually) to copy filtered resources, i.e. build is platform dependent!
2020-11-03 22:49:03,335 12330943 [er-32: Building] WARN  nternal.embedder.EclipseLogger  - Using platform encoding (Cp1252 actually) to copy filtered resources, i.e. build is platform dependent!
2020-11-03 22:49:03,355 12330963 [er-32: Building] WARN  nternal.embedder.EclipseLogger  - Using platform encoding (Cp1252 actually) to copy filtered resources, i.e. build is platform dependent!
2020-11-03 22:54:10,812 12638420 [er-51: Building] WARN  nternal.embedder.EclipseLogger  - Using platform encoding (Cp1252 actually) to copy filtered resources, i.e. build is platform dependent!
2020-11-03 22:54:10,814 12638422 [er-51: Building] WARN  nternal.embedder.EclipseLogger  - Using platform encoding (Cp1252 actually) to copy filtered resources, i.e. build is platform dependent!
2020-11-03 22:54:41,958 12669566 [er-48: Building] WARN  nternal.embedder.EclipseLogger  - Using platform encoding (Cp1252 actually) to copy filtered resources, i.e. build is platform dependent!
2020-11-03 22:54:41,963 12669571 [er-48: Building] WARN  nternal.embedder.EclipseLogger  - Using platform encoding (Cp1252 actually) to copy filtered resources, i.e. build is platform dependent!
2020-11-03 23:09:03,185 13530793 [er-61: Building] WARN  nternal.embedder.EclipseLogger  - Using platform encoding (Cp1252 actually) to copy filtered resources, i.e. build is platform dependent!
2020-11-03 23:09:03,187 13530795 [er-61: Building] WARN  nternal.embedder.EclipseLogger  - Using platform encoding (Cp1252 actually) to copy filtered resources, i.e. build is platform dependent!
2020-11-03 23:10:53,327 13640935 [er-60: Building] WARN  nternal.embedder.EclipseLogger  - Using platform encoding (Cp1252 actually) to copy filtered resources, i.e. build is platform dependent!
2020-11-03 23:10:53,331 13640939 [er-60: Building] WARN  nternal.embedder.EclipseLogger  - Using platform encoding (Cp1252 actually) to copy filtered resources, i.e. build is platform dependent!
2020-11-03 23:11:55,696 13703304 [er-48: Building] WARN  nternal.embedder.EclipseLogger  - Using platform encoding (Cp1252 actually) to copy filtered resources, i.e. build is platform dependent!
2020-11-03 23:11:55,699 13703307 [er-48: Building] WARN  nternal.embedder.EclipseLogger  - Using platform encoding (Cp1252 actually) to copy filtered resources, i.e. build is platform dependent!
2020-11-03 23:12:44,536 13752144 [er-62: Building] WARN  nternal.embedder.EclipseLogger  - Using platform encoding (Cp1252 actually) to copy filtered resources, i.e. build is platform dependent!
2020-11-03 23:12:44,539 13752147 [er-62: Building] WARN  nternal.embedder.EclipseLogger  - Using platform encoding (Cp1252 actually) to copy filtered resources, i.e. build is platform dependent!
2020-11-03 23:14:44,307 13871915 [er-56: Building] WARN  nternal.embedder.EclipseLogger  - Using platform encoding (Cp1252 actually) to copy filtered resources, i.e. build is platform dependent!
2020-11-03 23:14:44,310 13871918 [er-56: Building] WARN  nternal.embedder.EclipseLogger  - Using platform encoding (Cp1252 actually) to copy filtered resources, i.e. build is platform dependent!
2020-11-03 23:23:54,796 14422404 [er-64: Building] WARN  nternal.embedder.EclipseLogger  - Using platform encoding (Cp1252 actually) to copy filtered resources, i.e. build is platform dependent!
2020-11-03 23:23:54,798 14422406 [er-64: Building] WARN  nternal.embedder.EclipseLogger  - Using platform encoding (Cp1252 actually) to copy filtered resources, i.e. build is platform dependent!
2020-11-03 23:27:20,847 14628455 [er-68: Building] WARN  nternal.embedder.EclipseLogger  - Using platform encoding (Cp1252 actually) to copy filtered resources, i.e. build is platform dependent!
2020-11-03 23:27:20,849 14628457 [er-68: Building] WARN  nternal.embedder.EclipseLogger  - Using platform encoding (Cp1252 actually) to copy filtered resources, i.e. build is platform dependent!
2020-11-03 23:28:35,884 14703492 [er-68: Building] WARN  nternal.embedder.EclipseLogger  - Using platform encoding (Cp1252 actually) to copy filtered resources, i.e. build is platform dependent!
2020-11-03 23:28:35,887 14703495 [er-68: Building] WARN  nternal.embedder.EclipseLogger  - Using platform encoding (Cp1252 actually) to copy filtered resources, i.e. build is platform dependent!
2020-11-03 23:30:24,714 14812322 [er-69: Building] WARN  nternal.embedder.EclipseLogger  - Using platform encoding (Cp1252 actually) to copy filtered resources, i.e. build is platform dependent!
2020-11-03 23:30:24,719 14812327 [er-69: Building] WARN  nternal.embedder.EclipseLogger  - Using platform encoding (Cp1252 actually) to copy filtered resources, i.e. build is platform dependent!
2020-11-03 23:34:22,715 15050323 [er-68: Building] WARN  nternal.embedder.EclipseLogger  - Using platform encoding (Cp1252 actually) to copy filtered resources, i.e. build is platform dependent!
2020-11-03 23:34:22,716 15050324 [er-68: Building] WARN  nternal.embedder.EclipseLogger  - Using platform encoding (Cp1252 actually) to copy filtered resources, i.e. build is platform dependent!
2020-11-03 23:35:06,944 15094552 [er-68: Building] WARN  nternal.embedder.EclipseLogger  - Using platform encoding (Cp1252 actually) to copy filtered resources, i.e. build is platform dependent!
2020-11-03 23:35:06,954 15094562 [er-68: Building] WARN  nternal.embedder.EclipseLogger  - Using platform encoding (Cp1252 actually) to copy filtered resources, i.e. build is platform dependent!
2020-11-03 23:35:08,119 15095727 [er-68: Building] WARN  nternal.embedder.EclipseLogger  - Using platform encoding (Cp1252 actually) to copy filtered resources, i.e. build is platform dependent!
2020-11-03 23:35:08,121 15095729 [er-68: Building] WARN  nternal.embedder.EclipseLogger  - Using platform encoding (Cp1252 actually) to copy filtered resources, i.e. build is platform dependent!
2020-11-03 23:39:28,889 15356497 [er-73: Building] WARN  nternal.embedder.EclipseLogger  - Using platform encoding (Cp1252 actually) to copy filtered resources, i.e. build is platform dependent!
2020-11-03 23:39:28,891 15356499 [er-73: Building] WARN  nternal.embedder.EclipseLogger  - Using platform encoding (Cp1252 actually) to copy filtered resources, i.e. build is platform dependent!
2020-11-03 23:41:26,952 15474560 [er-73: Building] WARN  nternal.embedder.EclipseLogger  - Using platform encoding (Cp1252 actually) to copy filtered resources, i.e. build is platform dependent!
2020-11-03 23:41:26,968 15474576 [er-73: Building] WARN  nternal.embedder.EclipseLogger  - Using platform encoding (Cp1252 actually) to copy filtered resources, i.e. build is platform dependent!
2020-11-04 11:55:04,657 216565 [er-11: Building] WARN  nternal.embedder.EclipseLogger  - Using platform encoding (Cp1252 actually) to copy filtered resources, i.e. build is platform dependent!
2020-11-04 11:55:04,854 216762 [er-11: Building] WARN  nternal.embedder.EclipseLogger  - Using platform encoding (Cp1252 actually) to copy filtered resources, i.e. build is platform dependent!
2020-11-04 12:54:58,043 137693 [er-14: Building] WARN  nternal.embedder.EclipseLogger  - Using platform encoding (Cp1252 actually) to copy filtered resources, i.e. build is platform dependent!
2020-11-04 12:54:58,248 137898 [er-14: Building] WARN  nternal.embedder.EclipseLogger  - Using platform encoding (Cp1252 actually) to copy filtered resources, i.e. build is platform dependent!
2020-11-04 12:58:07,099 326749 [ker-9: Building] WARN  nternal.embedder.EclipseLogger  - Using platform encoding (Cp1252 actually) to copy filtered resources, i.e. build is platform dependent!
2020-11-04 12:58:07,108 326758 [ker-9: Building] WARN  nternal.embedder.EclipseLogger  - Using platform encoding (Cp1252 actually) to copy filtered resources, i.e. build is platform dependent!
2020-11-04 12:58:28,562 348212 [ker-8: Building] WARN  nternal.embedder.EclipseLogger  - Using platform encoding (Cp1252 actually) to copy filtered resources, i.e. build is platform dependent!
2020-11-04 12:58:28,565 348215 [ker-8: Building] WARN  nternal.embedder.EclipseLogger  - Using platform encoding (Cp1252 actually) to copy filtered resources, i.e. build is platform dependent!
2020-11-04 13:02:29,863 589513 [ker-0: Building] WARN  nternal.embedder.EclipseLogger  - Using platform encoding (Cp1252 actually) to copy filtered resources, i.e. build is platform dependent!
2020-11-04 13:02:29,865 589515 [ker-0: Building] WARN  nternal.embedder.EclipseLogger  - Using platform encoding (Cp1252 actually) to copy filtered resources, i.e. build is platform dependent!
2020-11-04 13:10:16,264 1055914 [ker-6: Building] WARN  nternal.embedder.EclipseLogger  - Using platform encoding (Cp1252 actually) to copy filtered resources, i.e. build is platform dependent!
2020-11-04 13:10:16,268 1055918 [ker-6: Building] WARN  nternal.embedder.EclipseLogger  - Using platform encoding (Cp1252 actually) to copy filtered resources, i.e. build is platform dependent!
2020-11-04 14:49:30,667 7010317 [er-40: Building] WARN  nternal.embedder.EclipseLogger  - Using platform encoding (Cp1252 actually) to copy filtered resources, i.e. build is platform dependent!
2020-11-04 14:49:30,834 7010484 [er-40: Building] WARN  nternal.embedder.EclipseLogger  - Using platform encoding (Cp1252 actually) to copy filtered resources, i.e. build is platform dependent!
2020-11-04 14:51:44,709 7144359 [er-41: Building] WARN  nternal.embedder.EclipseLogger  - Using platform encoding (Cp1252 actually) to copy filtered resources, i.e. build is platform dependent!
2020-11-04 14:51:44,714 7144364 [er-41: Building] WARN  nternal.embedder.EclipseLogger  - Using platform encoding (Cp1252 actually) to copy filtered resources, i.e. build is platform dependent!
2020-11-04 14:53:06,935 7226585 [er-43: Building] WARN  nternal.embedder.EclipseLogger  - Using platform encoding (Cp1252 actually) to copy filtered resources, i.e. build is platform dependent!
2020-11-04 14:53:06,940 7226590 [er-43: Building] WARN  nternal.embedder.EclipseLogger  - Using platform encoding (Cp1252 actually) to copy filtered resources, i.e. build is platform dependent!
2020-11-04 15:05:29,052 7968702 [er-37: Building] WARN  nternal.embedder.EclipseLogger  - Using platform encoding (Cp1252 actually) to copy filtered resources, i.e. build is platform dependent!
2020-11-04 15:05:29,055 7968705 [er-37: Building] WARN  nternal.embedder.EclipseLogger  - Using platform encoding (Cp1252 actually) to copy filtered resources, i.e. build is platform dependent!
2020-11-04 15:07:21,355 8081005 [er-46: Building] WARN  nternal.embedder.EclipseLogger  - Using platform encoding (Cp1252 actually) to copy filtered resources, i.e. build is platform dependent!
2020-11-04 15:07:21,358 8081008 [er-46: Building] WARN  nternal.embedder.EclipseLogger  - Using platform encoding (Cp1252 actually) to copy filtered resources, i.e. build is platform dependent!
2020-11-04 15:11:07,763 8307413 [er-40: Building] WARN  nternal.embedder.EclipseLogger  - Using platform encoding (Cp1252 actually) to copy filtered resources, i.e. build is platform dependent!
2020-11-04 15:11:07,765 8307415 [er-40: Building] WARN  nternal.embedder.EclipseLogger  - Using platform encoding (Cp1252 actually) to copy filtered resources, i.e. build is platform dependent!
2020-11-04 15:11:43,051 8342701 [er-46: Building] WARN  nternal.embedder.EclipseLogger  - Using platform encoding (Cp1252 actually) to copy filtered resources, i.e. build is platform dependent!
2020-11-04 15:11:43,057 8342707 [er-46: Building] WARN  nternal.embedder.EclipseLogger  - Using platform encoding (Cp1252 actually) to copy filtered resources, i.e. build is platform dependent!
2020-11-04 15:13:08,236 8427886 [er-46: Building] WARN  nternal.embedder.EclipseLogger  - Using platform encoding (Cp1252 actually) to copy filtered resources, i.e. build is platform dependent!
2020-11-04 15:13:08,239 8427889 [er-46: Building] WARN  nternal.embedder.EclipseLogger  - Using platform encoding (Cp1252 actually) to copy filtered resources, i.e. build is platform dependent!
2020-11-04 15:13:40,971 8460621 [er-45: Building] WARN  nternal.embedder.EclipseLogger  - Using platform encoding (Cp1252 actually) to copy filtered resources, i.e. build is platform dependent!
2020-11-04 15:13:40,978 8460628 [er-45: Building] WARN  nternal.embedder.EclipseLogger  - Using platform encoding (Cp1252 actually) to copy filtered resources, i.e. build is platform dependent!
2020-11-04 15:17:09,822 8669472 [er-45: Building] WARN  nternal.embedder.EclipseLogger  - Using platform encoding (Cp1252 actually) to copy filtered resources, i.e. build is platform dependent!
2020-11-04 15:17:09,830 8669480 [er-45: Building] WARN  nternal.embedder.EclipseLogger  - Using platform encoding (Cp1252 actually) to copy filtered resources, i.e. build is platform dependent!
2020-11-04 15:26:27,077 9226727 [er-51: Building] WARN  nternal.embedder.EclipseLogger  - Using platform encoding (Cp1252 actually) to copy filtered resources, i.e. build is platform dependent!
2020-11-04 15:26:27,084 9226734 [er-51: Building] WARN  nternal.embedder.EclipseLogger  - Using platform encoding (Cp1252 actually) to copy filtered resources, i.e. build is platform dependent!
2020-11-04 15:27:53,904 9313554 [er-51: Building] WARN  nternal.embedder.EclipseLogger  - Using platform encoding (Cp1252 actually) to copy filtered resources, i.e. build is platform dependent!
2020-11-04 15:27:53,907 9313557 [er-51: Building] WARN  nternal.embedder.EclipseLogger  - Using platform encoding (Cp1252 actually) to copy filtered resources, i.e. build is platform dependent!
2020-11-04 15:28:18,298 9337948 [er-51: Building] WARN  nternal.embedder.EclipseLogger  - Using platform encoding (Cp1252 actually) to copy filtered resources, i.e. build is platform dependent!
2020-11-04 15:28:18,302 9337952 [er-51: Building] WARN  nternal.embedder.EclipseLogger  - Using platform encoding (Cp1252 actually) to copy filtered resources, i.e. build is platform dependent!
2020-11-04 15:28:56,905 9376555 [er-53: Building] WARN  nternal.embedder.EclipseLogger  - Using platform encoding (Cp1252 actually) to copy filtered resources, i.e. build is platform dependent!
2020-11-04 15:28:56,909 9376559 [er-53: Building] WARN  nternal.embedder.EclipseLogger  - Using platform encoding (Cp1252 actually) to copy filtered resources, i.e. build is platform dependent!
2020-11-04 15:31:16,995 9516645 [er-54: Building] WARN  nternal.embedder.EclipseLogger  - Using platform encoding (Cp1252 actually) to copy filtered resources, i.e. build is platform dependent!
2020-11-04 15:31:16,999 9516649 [er-54: Building] WARN  nternal.embedder.EclipseLogger  - Using platform encoding (Cp1252 actually) to copy filtered resources, i.e. build is platform dependent!
2020-11-04 15:31:18,083 9517733 [er-54: Building] WARN  nternal.embedder.EclipseLogger  - The POM for org.apache.maven.plugins:maven-clean-plugin:jar:2.5 is missing, no dependency information available
2020-11-04 15:31:20,606 9520256 [er-54: Building] WARN  nternal.embedder.EclipseLogger  - Using platform encoding (Cp1252 actually) to copy filtered resources, i.e. build is platform dependent!
2020-11-04 15:32:57,232 9616882 [er-53: Building] WARN  nternal.embedder.EclipseLogger  - Using platform encoding (Cp1252 actually) to copy filtered resources, i.e. build is platform dependent!
2020-11-04 15:32:57,235 9616885 [er-53: Building] WARN  nternal.embedder.EclipseLogger  - Using platform encoding (Cp1252 actually) to copy filtered resources, i.e. build is platform dependent!
2020-11-04 15:35:07,615 9747265 [er-51: Building] WARN  nternal.embedder.EclipseLogger  - Using platform encoding (Cp1252 actually) to copy filtered resources, i.e. build is platform dependent!
2020-11-04 15:35:07,625 9747275 [er-51: Building] WARN  nternal.embedder.EclipseLogger  - Using platform encoding (Cp1252 actually) to copy filtered resources, i.e. build is platform dependent!
2020-11-04 15:40:13,605 10053255 [er-55: Building] WARN  nternal.embedder.EclipseLogger  - Using platform encoding (Cp1252 actually) to copy filtered resources, i.e. build is platform dependent!
2020-11-04 15:40:13,640 10053290 [er-55: Building] WARN  nternal.embedder.EclipseLogger  - Using platform encoding (Cp1252 actually) to copy filtered resources, i.e. build is platform dependent!
2020-11-04 15:40:52,376 10092026 [er-53: Building] WARN  nternal.embedder.EclipseLogger  - Using platform encoding (Cp1252 actually) to copy filtered resources, i.e. build is platform dependent!
2020-11-04 15:40:52,380 10092030 [er-53: Building] WARN  nternal.embedder.EclipseLogger  - Using platform encoding (Cp1252 actually) to copy filtered resources, i.e. build is platform dependent!
2020-11-04 15:41:11,835 10111485 [er-55: Building] WARN  nternal.embedder.EclipseLogger  - Using platform encoding (Cp1252 actually) to copy filtered resources, i.e. build is platform dependent!
2020-11-04 15:41:11,837 10111487 [er-55: Building] WARN  nternal.embedder.EclipseLogger  - Using platform encoding (Cp1252 actually) to copy filtered resources, i.e. build is platform dependent!
2020-11-04 15:43:16,626 10236276 [er-53: Building] WARN  nternal.embedder.EclipseLogger  - Using platform encoding (Cp1252 actually) to copy filtered resources, i.e. build is platform dependent!
2020-11-04 15:43:16,628 10236278 [er-53: Building] WARN  nternal.embedder.EclipseLogger  - Using platform encoding (Cp1252 actually) to copy filtered resources, i.e. build is platform dependent!
2020-11-04 15:43:25,810 10245460 [er-53: Building] WARN  nternal.embedder.EclipseLogger  - Using platform encoding (Cp1252 actually) to copy filtered resources, i.e. build is platform dependent!
2020-11-04 15:43:25,812 10245462 [er-53: Building] WARN  nternal.embedder.EclipseLogger  - Using platform encoding (Cp1252 actually) to copy filtered resources, i.e. build is platform dependent!
2020-11-04 15:43:25,888 10245538 [er-53: Building] WARN  nternal.embedder.EclipseLogger  - Using platform encoding (Cp1252 actually) to copy filtered resources, i.e. build is platform dependent!
2020-11-04 15:46:56,132 10455782 [er-56: Building] WARN  nternal.embedder.EclipseLogger  - Using platform encoding (Cp1252 actually) to copy filtered resources, i.e. build is platform dependent!
2020-11-04 15:46:56,134 10455784 [er-56: Building] WARN  nternal.embedder.EclipseLogger  - Using platform encoding (Cp1252 actually) to copy filtered resources, i.e. build is platform dependent!
2020-11-04 15:48:01,589 10521239 [er-51: Building] WARN  nternal.embedder.EclipseLogger  - Using platform encoding (Cp1252 actually) to copy filtered resources, i.e. build is platform dependent!
2020-11-04 15:48:01,592 10521242 [er-51: Building] WARN  nternal.embedder.EclipseLogger  - Using platform encoding (Cp1252 actually) to copy filtered resources, i.e. build is platform dependent!
2020-11-04 15:48:20,249 10539899 [er-52: Building] WARN  nternal.embedder.EclipseLogger  - Using platform encoding (Cp1252 actually) to copy filtered resources, i.e. build is platform dependent!
2020-11-04 15:48:20,253 10539903 [er-52: Building] WARN  nternal.embedder.EclipseLogger  - Using platform encoding (Cp1252 actually) to copy filtered resources, i.e. build is platform dependent!
2020-11-04 15:48:32,851 10552501 [er-57: Building] WARN  nternal.embedder.EclipseLogger  - Using platform encoding (Cp1252 actually) to copy filtered resources, i.e. build is platform dependent!
2020-11-04 15:48:32,853 10552503 [er-57: Building] WARN  nternal.embedder.EclipseLogger  - Using platform encoding (Cp1252 actually) to copy filtered resources, i.e. build is platform dependent!
2020-11-04 15:48:32,903 10552553 [er-57: Building] WARN  nternal.embedder.EclipseLogger  - Using platform encoding (Cp1252 actually) to copy filtered resources, i.e. build is platform dependent!
2020-11-04 15:51:47,062 10746712 [er-56: Building] WARN  nternal.embedder.EclipseLogger  - Using platform encoding (Cp1252 actually) to copy filtered resources, i.e. build is platform dependent!
2020-11-04 15:51:47,065 10746715 [er-56: Building] WARN  nternal.embedder.EclipseLogger  - Using platform encoding (Cp1252 actually) to copy filtered resources, i.e. build is platform dependent!
2020-11-04 15:58:00,978 11120628 [er-61: Building] WARN  nternal.embedder.EclipseLogger  - Using platform encoding (Cp1252 actually) to copy filtered resources, i.e. build is platform dependent!
2020-11-04 15:58:00,981 11120631 [er-61: Building] WARN  nternal.embedder.EclipseLogger  - Using platform encoding (Cp1252 actually) to copy filtered resources, i.e. build is platform dependent!
2020-11-04 16:23:06,163 12625813 [er-75: Building] WARN  nternal.embedder.EclipseLogger  - Using platform encoding (Cp1252 actually) to copy filtered resources, i.e. build is platform dependent!
2020-11-04 16:23:06,224 12625874 [er-75: Building] WARN  nternal.embedder.EclipseLogger  - Using platform encoding (Cp1252 actually) to copy filtered resources, i.e. build is platform dependent!
2020-11-04 16:23:20,643 12640293 [er-69: Building] WARN  nternal.embedder.EclipseLogger  - Using platform encoding (Cp1252 actually) to copy filtered resources, i.e. build is platform dependent!
2020-11-04 16:23:20,646 12640296 [er-69: Building] WARN  nternal.embedder.EclipseLogger  - Using platform encoding (Cp1252 actually) to copy filtered resources, i.e. build is platform dependent!
2020-11-04 16:23:35,382 12655032 [er-78: Building] WARN  nternal.embedder.EclipseLogger  - Using platform encoding (Cp1252 actually) to copy filtered resources, i.e. build is platform dependent!
2020-11-04 16:23:35,386 12655036 [er-78: Building] WARN  nternal.embedder.EclipseLogger  - Using platform encoding (Cp1252 actually) to copy filtered resources, i.e. build is platform dependent!
2020-11-04 16:23:41,105 12660755 [er-78: Building] WARN  nternal.embedder.EclipseLogger  - Using platform encoding (Cp1252 actually) to copy filtered resources, i.e. build is platform dependent!
2020-11-04 17:28:09,945 16529595 [er-89: Building] WARN  nternal.embedder.EclipseLogger  - Using platform encoding (Cp1252 actually) to copy filtered resources, i.e. build is platform dependent!
2020-11-04 17:28:09,949 16529599 [er-89: Building] WARN  nternal.embedder.EclipseLogger  - Using platform encoding (Cp1252 actually) to copy filtered resources, i.e. build is platform dependent!
2020-11-04 17:28:24,996 16544646 [er-93: Building] WARN  nternal.embedder.EclipseLogger  - Using platform encoding (Cp1252 actually) to copy filtered resources, i.e. build is platform dependent!
2020-11-04 17:28:24,999 16544649 [er-93: Building] WARN  nternal.embedder.EclipseLogger  - Using platform encoding (Cp1252 actually) to copy filtered resources, i.e. build is platform dependent!
2020-11-04 17:36:30,994 17030644 [er-88: Building] WARN  nternal.embedder.EclipseLogger  - Using platform encoding (Cp1252 actually) to copy filtered resources, i.e. build is platform dependent!
2020-11-04 17:36:30,997 17030647 [er-88: Building] WARN  nternal.embedder.EclipseLogger  - Using platform encoding (Cp1252 actually) to copy filtered resources, i.e. build is platform dependent!
2020-11-04 17:38:00,305 17119955 [er-83: Building] WARN  nternal.embedder.EclipseLogger  - Using platform encoding (Cp1252 actually) to copy filtered resources, i.e. build is platform dependent!
2020-11-04 17:38:00,309 17119959 [er-83: Building] WARN  nternal.embedder.EclipseLogger  - Using platform encoding (Cp1252 actually) to copy filtered resources, i.e. build is platform dependent!
2020-11-04 17:39:49,269 17228919 [er-93: Building] WARN  nternal.embedder.EclipseLogger  - Using platform encoding (Cp1252 actually) to copy filtered resources, i.e. build is platform dependent!
2020-11-04 17:39:49,271 17228921 [er-93: Building] WARN  nternal.embedder.EclipseLogger  - Using platform encoding (Cp1252 actually) to copy filtered resources, i.e. build is platform dependent!
2020-11-04 17:46:46,627 17646277 [er-88: Building] WARN  nternal.embedder.EclipseLogger  - Using platform encoding (Cp1252 actually) to copy filtered resources, i.e. build is platform dependent!
2020-11-04 17:46:46,628 17646278 [er-88: Building] WARN  nternal.embedder.EclipseLogger  - Using platform encoding (Cp1252 actually) to copy filtered resources, i.e. build is platform dependent!
2020-11-04 17:48:44,538 17764188 [er-98: Building] WARN  nternal.embedder.EclipseLogger  - Using platform encoding (Cp1252 actually) to copy filtered resources, i.e. build is platform dependent!
2020-11-04 17:48:44,540 17764190 [er-98: Building] WARN  nternal.embedder.EclipseLogger  - Using platform encoding (Cp1252 actually) to copy filtered resources, i.e. build is platform dependent!
2020-11-04 17:49:04,105 17783755 [er-97: Building] WARN  nternal.embedder.EclipseLogger  - Using platform encoding (Cp1252 actually) to copy filtered resources, i.e. build is platform dependent!
2020-11-04 17:49:04,109 17783759 [er-97: Building] WARN  nternal.embedder.EclipseLogger  - Using platform encoding (Cp1252 actually) to copy filtered resources, i.e. build is platform dependent!
2020-11-04 18:18:00,074 19519724 [r-107: Building] WARN  nternal.embedder.EclipseLogger  - Using platform encoding (Cp1252 actually) to copy filtered resources, i.e. build is platform dependent!
2020-11-04 18:18:00,154 19519804 [r-107: Building] WARN  nternal.embedder.EclipseLogger  - Using platform encoding (Cp1252 actually) to copy filtered resources, i.e. build is platform dependent!
2020-11-04 18:20:52,408 19692058 [r-109: Building] WARN  nternal.embedder.EclipseLogger  - Using platform encoding (Cp1252 actually) to copy filtered resources, i.e. build is platform dependent!
2020-11-04 18:20:52,411 19692061 [r-109: Building] WARN  nternal.embedder.EclipseLogger  - Using platform encoding (Cp1252 actually) to copy filtered resources, i.e. build is platform dependent!
2020-11-04 18:26:52,823 20052473 [r-114: Building] WARN  nternal.embedder.EclipseLogger  - Using platform encoding (Cp1252 actually) to copy filtered resources, i.e. build is platform dependent!
2020-11-04 18:26:52,825 20052475 [r-114: Building] WARN  nternal.embedder.EclipseLogger  - Using platform encoding (Cp1252 actually) to copy filtered resources, i.e. build is platform dependent!
2020-11-04 18:27:53,919 20113569 [r-116: Building] WARN  nternal.embedder.EclipseLogger  - Using platform encoding (Cp1252 actually) to copy filtered resources, i.e. build is platform dependent!
2020-11-04 18:27:53,940 20113590 [r-116: Building] WARN  nternal.embedder.EclipseLogger  - Using platform encoding (Cp1252 actually) to copy filtered resources, i.e. build is platform dependent!
2020-11-04 18:29:12,602 20192252 [r-111: Building] WARN  nternal.embedder.EclipseLogger  - Using platform encoding (Cp1252 actually) to copy filtered resources, i.e. build is platform dependent!
2020-11-04 18:29:12,612 20192262 [r-111: Building] WARN  nternal.embedder.EclipseLogger  - Using platform encoding (Cp1252 actually) to copy filtered resources, i.e. build is platform dependent!
2020-11-04 18:31:39,485 20339135 [r-116: Building] WARN  nternal.embedder.EclipseLogger  - Using platform encoding (Cp1252 actually) to copy filtered resources, i.e. build is platform dependent!
2020-11-04 18:31:39,487 20339137 [r-116: Building] WARN  nternal.embedder.EclipseLogger  - Using platform encoding (Cp1252 actually) to copy filtered resources, i.e. build is platform dependent!
2020-11-04 18:34:56,306 20535956 [r-115: Building] WARN  nternal.embedder.EclipseLogger  - Using platform encoding (Cp1252 actually) to copy filtered resources, i.e. build is platform dependent!
2020-11-04 18:34:56,308 20535958 [r-115: Building] WARN  nternal.embedder.EclipseLogger  - Using platform encoding (Cp1252 actually) to copy filtered resources, i.e. build is platform dependent!
2020-11-04 18:36:33,633 20633283 [r-117: Building] WARN  nternal.embedder.EclipseLogger  - Using platform encoding (Cp1252 actually) to copy filtered resources, i.e. build is platform dependent!
2020-11-04 18:36:33,646 20633296 [r-117: Building] WARN  nternal.embedder.EclipseLogger  - Using platform encoding (Cp1252 actually) to copy filtered resources, i.e. build is platform dependent!
2020-11-04 18:38:43,137 20762787 [r-118: Building] WARN  nternal.embedder.EclipseLogger  - Using platform encoding (Cp1252 actually) to copy filtered resources, i.e. build is platform dependent!
2020-11-04 18:38:43,140 20762790 [r-118: Building] WARN  nternal.embedder.EclipseLogger  - Using platform encoding (Cp1252 actually) to copy filtered resources, i.e. build is platform dependent!
2020-11-04 18:39:05,196 20784846 [r-121: Building] WARN  nternal.embedder.EclipseLogger  - Using platform encoding (Cp1252 actually) to copy filtered resources, i.e. build is platform dependent!
2020-11-04 18:39:05,197 20784847 [r-121: Building] WARN  nternal.embedder.EclipseLogger  - Using platform encoding (Cp1252 actually) to copy filtered resources, i.e. build is platform dependent!
2020-11-04 18:39:19,055 20798705 [r-120: Building] WARN  nternal.embedder.EclipseLogger  - Using platform encoding (Cp1252 actually) to copy filtered resources, i.e. build is platform dependent!
2020-11-04 18:39:19,057 20798707 [r-120: Building] WARN  nternal.embedder.EclipseLogger  - Using platform encoding (Cp1252 actually) to copy filtered resources, i.e. build is platform dependent!
2020-11-04 18:40:22,397 20862047 [r-111: Building] WARN  nternal.embedder.EclipseLogger  - Using platform encoding (Cp1252 actually) to copy filtered resources, i.e. build is platform dependent!
2020-11-04 18:40:22,407 20862057 [r-111: Building] WARN  nternal.embedder.EclipseLogger  - Using platform encoding (Cp1252 actually) to copy filtered resources, i.e. build is platform dependent!
2020-11-04 18:41:45,035 20944685 [r-119: Building] WARN  nternal.embedder.EclipseLogger  - Using platform encoding (Cp1252 actually) to copy filtered resources, i.e. build is platform dependent!
2020-11-04 18:41:45,038 20944688 [r-119: Building] WARN  nternal.embedder.EclipseLogger  - Using platform encoding (Cp1252 actually) to copy filtered resources, i.e. build is platform dependent!
2020-11-04 18:43:35,154 21054804 [r-117: Building] WARN  nternal.embedder.EclipseLogger  - Using platform encoding (Cp1252 actually) to copy filtered resources, i.e. build is platform dependent!
2020-11-04 18:43:35,157 21054807 [r-117: Building] WARN  nternal.embedder.EclipseLogger  - Using platform encoding (Cp1252 actually) to copy filtered resources, i.e. build is platform dependent!
2020-11-04 18:48:00,536 21320186 [r-115: Building] WARN  nternal.embedder.EclipseLogger  - Using platform encoding (Cp1252 actually) to copy filtered resources, i.e. build is platform dependent!
2020-11-04 18:48:00,537 21320187 [r-115: Building] WARN  nternal.embedder.EclipseLogger  - Using platform encoding (Cp1252 actually) to copy filtered resources, i.e. build is platform dependent!
2020-11-04 18:48:15,594 21335244 [r-118: Building] WARN  nternal.embedder.EclipseLogger  - Using platform encoding (Cp1252 actually) to copy filtered resources, i.e. build is platform dependent!
2020-11-04 18:48:15,596 21335246 [r-118: Building] WARN  nternal.embedder.EclipseLogger  - Using platform encoding (Cp1252 actually) to copy filtered resources, i.e. build is platform dependent!
2020-11-05 19:18:08,533 117875 [ker-9: Building] WARN  nternal.embedder.EclipseLogger  - Using platform encoding (Cp1252 actually) to copy filtered resources, i.e. build is platform dependent!
2020-11-05 19:18:08,667 118009 [ker-9: Building] WARN  nternal.embedder.EclipseLogger  - Using platform encoding (Cp1252 actually) to copy filtered resources, i.e. build is platform dependent!
2020-11-05 19:37:10,769 1260111 [ker-6: Building] WARN  nternal.embedder.EclipseLogger  - Using platform encoding (Cp1252 actually) to copy filtered resources, i.e. build is platform dependent!
2020-11-05 19:37:10,785 1260127 [ker-6: Building] WARN  nternal.embedder.EclipseLogger  - Using platform encoding (Cp1252 actually) to copy filtered resources, i.e. build is platform dependent!
2020-11-05 19:38:06,121 1315463 [er-22: Building] WARN  nternal.embedder.EclipseLogger  - Using platform encoding (Cp1252 actually) to copy filtered resources, i.e. build is platform dependent!
2020-11-05 19:38:06,125 1315467 [er-22: Building] WARN  nternal.embedder.EclipseLogger  - Using platform encoding (Cp1252 actually) to copy filtered resources, i.e. build is platform dependent!
2020-11-05 19:38:54,050 1363392 [er-24: Building] WARN  nternal.embedder.EclipseLogger  - Using platform encoding (Cp1252 actually) to copy filtered resources, i.e. build is platform dependent!
2020-11-05 19:38:54,053 1363395 [er-24: Building] WARN  nternal.embedder.EclipseLogger  - Using platform encoding (Cp1252 actually) to copy filtered resources, i.e. build is platform dependent!
2020-11-05 19:39:40,090 1409432 [er-26: Building] WARN  nternal.embedder.EclipseLogger  - Using platform encoding (Cp1252 actually) to copy filtered resources, i.e. build is platform dependent!
2020-11-05 19:39:40,100 1409442 [er-26: Building] WARN  nternal.embedder.EclipseLogger  - Using platform encoding (Cp1252 actually) to copy filtered resources, i.e. build is platform dependent!
2020-11-05 19:40:02,408 1431750 [er-25: Building] WARN  nternal.embedder.EclipseLogger  - Using platform encoding (Cp1252 actually) to copy filtered resources, i.e. build is platform dependent!
2020-11-05 19:40:02,414 1431756 [er-25: Building] WARN  nternal.embedder.EclipseLogger  - Using platform encoding (Cp1252 actually) to copy filtered resources, i.e. build is platform dependent!
2020-11-05 19:40:28,985 1458327 [er-24: Building] WARN  nternal.embedder.EclipseLogger  - Using platform encoding (Cp1252 actually) to copy filtered resources, i.e. build is platform dependent!
2020-11-05 19:40:28,996 1458338 [er-24: Building] WARN  nternal.embedder.EclipseLogger  - Using platform encoding (Cp1252 actually) to copy filtered resources, i.e. build is platform dependent!
2020-11-05 19:43:13,231 1622573 [er-22: Building] WARN  nternal.embedder.EclipseLogger  - Using platform encoding (Cp1252 actually) to copy filtered resources, i.e. build is platform dependent!
2020-11-05 19:43:13,251 1622593 [er-22: Building] WARN  nternal.embedder.EclipseLogger  - Using platform encoding (Cp1252 actually) to copy filtered resources, i.e. build is platform dependent!
2020-11-05 19:44:18,292 1687634 [er-24: Building] WARN  nternal.embedder.EclipseLogger  - Using platform encoding (Cp1252 actually) to copy filtered resources, i.e. build is platform dependent!
2020-11-05 19:44:18,295 1687637 [er-24: Building] WARN  nternal.embedder.EclipseLogger  - Using platform encoding (Cp1252 actually) to copy filtered resources, i.e. build is platform dependent!
2020-11-05 19:45:39,464 1768806 [er-22: Building] WARN  nternal.embedder.EclipseLogger  - Using platform encoding (Cp1252 actually) to copy filtered resources, i.e. build is platform dependent!
2020-11-05 19:45:39,475 1768817 [er-22: Building] WARN  nternal.embedder.EclipseLogger  - Using platform encoding (Cp1252 actually) to copy filtered resources, i.e. build is platform dependent!
2020-11-05 19:46:16,585 1805927 [er-27: Building] WARN  nternal.embedder.EclipseLogger  - Using platform encoding (Cp1252 actually) to copy filtered resources, i.e. build is platform dependent!
2020-11-05 19:46:16,590 1805932 [er-27: Building] WARN  nternal.embedder.EclipseLogger  - Using platform encoding (Cp1252 actually) to copy filtered resources, i.e. build is platform dependent!
2020-11-05 19:53:48,028 2257370 [er-25: Building] WARN  nternal.embedder.EclipseLogger  - Using platform encoding (Cp1252 actually) to copy filtered resources, i.e. build is platform dependent!
2020-11-05 19:53:48,032 2257374 [er-25: Building] WARN  nternal.embedder.EclipseLogger  - Using platform encoding (Cp1252 actually) to copy filtered resources, i.e. build is platform dependent!
2020-11-05 19:54:09,187 2278529 [er-30: Building] WARN  nternal.embedder.EclipseLogger  - Using platform encoding (Cp1252 actually) to copy filtered resources, i.e. build is platform dependent!
2020-11-05 19:54:09,190 2278532 [er-30: Building] WARN  nternal.embedder.EclipseLogger  - Using platform encoding (Cp1252 actually) to copy filtered resources, i.e. build is platform dependent!
